Determining if the pthread_create exist failed with the following output:
Change Dir: /home/luwei/Documents/Tango/relocal/pointnet2/build/CMakeFiles/CMakeTmp

Run Build Command:"/usr/bin/make" "cmTC_adf21/fast"
/usr/bin/make -f CMakeFiles/cmTC_adf21.dir/build.make CMakeFiles/cmTC_adf21.dir/build
make[1]: Entering directory '/home/luwei/Documents/Tango/relocal/pointnet2/build/CMakeFiles/CMakeTmp'
Building C object CMakeFiles/cmTC_adf21.dir/CheckSymbolExists.c.o
/usr/bin/cc   -fPIC    -o CMakeFiles/cmTC_adf21.dir/CheckSymbolExists.c.o   -c /home/luwei/Documents/Tango/relocal/pointnet2/build/CMakeFiles/CMakeTmp/CheckSymbolExists.c
Linking C executable cmTC_adf21
/usr/bin/cmake -E cmake_link_script CMakeFiles/cmTC_adf21.dir/link.txt --verbose=1
/usr/bin/cc -fPIC     CMakeFiles/cmTC_adf21.dir/CheckSymbolExists.c.o  -o cmTC_adf21 
CMakeFiles/cmTC_adf21.dir/CheckSymbolExists.c.o: In function `main':
CheckSymbolExists.c:(.text+0x1b): undefined reference to `pthread_create'
collect2: error: ld returned 1 exit status
CMakeFiles/cmTC_adf21.dir/build.make:97: recipe for target 'cmTC_adf21' failed
make[1]: *** [cmTC_adf21] Error 1
make[1]: Leaving directory '/home/luwei/Documents/Tango/relocal/pointnet2/build/CMakeFiles/CMakeTmp'
Makefile:126: recipe for target 'cmTC_adf21/fast' failed
make: *** [cmTC_adf21/fast] Error 2

File /home/luwei/Documents/Tango/relocal/pointnet2/build/CMakeFiles/CMakeTmp/CheckSymbolExists.c:
/* */
#include <pthread.h>

int main(int argc, char** argv)
{
  (void)argv;
#ifndef pthread_create
  return ((int*)(&pthread_create))[argc];
#else
  (void)argc;
  return 0;
#endif
}

Determining if the function pthread_create exists in the pthreads failed with the following output:
Change Dir: /home/luwei/Documents/Tango/relocal/pointnet2/build/CMakeFiles/CMakeTmp

Run Build Command:"/usr/bin/make" "cmTC_7a5c4/fast"
/usr/bin/make -f CMakeFiles/cmTC_7a5c4.dir/build.make CMakeFiles/cmTC_7a5c4.dir/build
make[1]: Entering directory '/home/luwei/Documents/Tango/relocal/pointnet2/build/CMakeFiles/CMakeTmp'
Building C object CMakeFiles/cmTC_7a5c4.dir/CheckFunctionExists.c.o
/usr/bin/cc   -fPIC -DCHECK_FUNCTION_EXISTS=pthread_create   -o CMakeFiles/cmTC_7a5c4.dir/CheckFunctionExists.c.o   -c /usr/share/cmake-3.10/Modules/CheckFunctionExists.c
Linking C executable cmTC_7a5c4
/usr/bin/cmake -E cmake_link_script CMakeFiles/cmTC_7a5c4.dir/link.txt --verbose=1
/usr/bin/cc -fPIC -DCHECK_FUNCTION_EXISTS=pthread_create    CMakeFiles/cmTC_7a5c4.dir/CheckFunctionExists.c.o  -o cmTC_7a5c4 -lpthreads 
/usr/bin/x86_64-linux-gnu-ld: cannot find -lpthreads
collect2: error: ld returned 1 exit status
CMakeFiles/cmTC_7a5c4.dir/build.make:97: recipe for target 'cmTC_7a5c4' failed
make[1]: *** [cmTC_7a5c4] Error 1
make[1]: Leaving directory '/home/luwei/Documents/Tango/relocal/pointnet2/build/CMakeFiles/CMakeTmp'
Makefile:126: recipe for target 'cmTC_7a5c4/fast' failed
make: *** [cmTC_7a5c4/fast] Error 2


