Determining if the pthread_create exist failed with the following output:
Change Dir: /home/luwei/Documents/Tango/relocal/pointnet2/build/CMakeFiles/CMakeTmp

Run Build Command:"/usr/bin/make" "cmTC_f5695/fast"
/usr/bin/make -f CMakeFiles/cmTC_f5695.dir/build.make CMakeFiles/cmTC_f5695.dir/build
make[1]: Entering directory '/home/luwei/Documents/Tango/relocal/pointnet2/build/CMakeFiles/CMakeTmp'
Building C object CMakeFiles/cmTC_f5695.dir/CheckSymbolExists.c.o
/usr/bin/cc   -fPIC    -o CMakeFiles/cmTC_f5695.dir/CheckSymbolExists.c.o   -c /home/luwei/Documents/Tango/relocal/pointnet2/build/CMakeFiles/CMakeTmp/CheckSymbolExists.c
Linking C executable cmTC_f5695
/usr/bin/cmake -E cmake_link_script CMakeFiles/cmTC_f5695.dir/link.txt --verbose=1
/usr/bin/cc -fPIC     CMakeFiles/cmTC_f5695.dir/CheckSymbolExists.c.o  -o cmTC_f5695 
CMakeFiles/cmTC_f5695.dir/CheckSymbolExists.c.o: In function `main':
CheckSymbolExists.c:(.text+0x1b): undefined reference to `pthread_create'
collect2: error: ld returned 1 exit status
CMakeFiles/cmTC_f5695.dir/build.make:97: recipe for target 'cmTC_f5695' failed
make[1]: *** [cmTC_f5695] Error 1
make[1]: Leaving directory '/home/luwei/Documents/Tango/relocal/pointnet2/build/CMakeFiles/CMakeTmp'
Makefile:126: recipe for target 'cmTC_f5695/fast' failed
make: *** [cmTC_f5695/fast] Error 2

File /home/luwei/Documents/Tango/relocal/pointnet2/build/CMakeFiles/CMakeTmp/CheckSymbolExists.c:
/* */
#include <pthread.h>

int main(int argc, char** argv)
{
  (void)argv;
#ifndef pthread_create
  return ((int*)(&pthread_create))[argc];
#else
  (void)argc;
  return 0;
#endif
}

Determining if the function pthread_create exists in the pthreads failed with the following output:
Change Dir: /home/luwei/Documents/Tango/relocal/pointnet2/build/CMakeFiles/CMakeTmp

Run Build Command:"/usr/bin/make" "cmTC_50208/fast"
/usr/bin/make -f CMakeFiles/cmTC_50208.dir/build.make CMakeFiles/cmTC_50208.dir/build
make[1]: Entering directory '/home/luwei/Documents/Tango/relocal/pointnet2/build/CMakeFiles/CMakeTmp'
Building C object CMakeFiles/cmTC_50208.dir/CheckFunctionExists.c.o
/usr/bin/cc   -fPIC -DCHECK_FUNCTION_EXISTS=pthread_create   -o CMakeFiles/cmTC_50208.dir/CheckFunctionExists.c.o   -c /usr/share/cmake-3.10/Modules/CheckFunctionExists.c
Linking C executable cmTC_50208
/usr/bin/cmake -E cmake_link_script CMakeFiles/cmTC_50208.dir/link.txt --verbose=1
/usr/bin/cc -fPIC -DCHECK_FUNCTION_EXISTS=pthread_create    CMakeFiles/cmTC_50208.dir/CheckFunctionExists.c.o  -o cmTC_50208 -lpthreads 
/usr/bin/x86_64-linux-gnu-ld: cannot find -lpthreads
collect2: error: ld returned 1 exit status
CMakeFiles/cmTC_50208.dir/build.make:97: recipe for target 'cmTC_50208' failed
make[1]: *** [cmTC_50208] Error 1
make[1]: Leaving directory '/home/luwei/Documents/Tango/relocal/pointnet2/build/CMakeFiles/CMakeTmp'
Makefile:126: recipe for target 'cmTC_50208/fast' failed
make: *** [cmTC_50208/fast] Error 2


